<?xml version="1.0" encoding="UTF-8"?>
<!-- Generated by org.testng.reporters.JUnitXMLReporter -->
<testsuite hostname="Kailash" failures="0" tests="8" name="Default test" time="0.985" errors="0" timestamp="17 Feb 2021 15:18:26 GMT">
  <testcase classname="Utils.ExcelDataProviderUsingTestNG" name="testgetdata" time="0.01"/>
  <testcase classname="Utils.ExcelDataProviderUsingTestNG" name="testgetdata" time="0.001"/>
  <testcase classname="Utils.ExcelDataProviderUsingTestNG" name="testgetdata" time="0.001"/>
  <testcase classname="Utils.ExcelDataProviderUsingTestNG" name="testgetdata" time="0.004"/>
  <testcase classname="Utils.ExcelDataProviderUsingTestNG" name="testgetdata" time="0.004"/>
  <testcase classname="Utils.ExcelDataProviderUsingTestNG" name="testgetdata" time="0.001"/>
  <testcase classname="Utils.ExcelDataProviderUsingTestNG" name="testgetdata" time="0.013"/>
  <testcase classname="Utils.ExcelDataProviderUsingTestNG" name="testgetdata" time="0.006"/>
</testsuite> <!-- Default test -->
