<?xml version="1.0" encoding="UTF-8"?>
<testng-results total="1" passed="1" failed="0" skipped="0">
  <reporter-output>
  </reporter-output>
  <suite started-at="2021-03-02T08:56:13Z" name="Default suite" finished-at="2021-03-02T08:56:38Z" duration-ms="24688">
    <groups>
    </groups>
    <test started-at="2021-03-02T08:56:13Z" name="Default test" finished-at="2021-03-02T08:56:38Z" duration-ms="24688">
      <class name="TestPackage.GoogleSearchPageTest2">
        <test-method is-config="true" signature="setUpTest()[pri:0, instance:TestPackage.GoogleSearchPageTest2@5a37d3ed]" started-at="2021-03-02T14:26:13Z" name="setUpTest" finished-at="2021-03-02T14:26:27Z" duration-ms="13464" status="PASS">
          <reporter-output>
          </reporter-output>
        </test-method> <!-- setUpTest -->
        <test-method signature="GoogleSearchcopy()[pri:0, instance:TestPackage.GoogleSearchPageTest2@5a37d3ed]" started-at="2021-03-02T14:26:27Z" name="GoogleSearchcopy" finished-at="2021-03-02T14:26:33Z" duration-ms="5965" status="PASS">
          <reporter-output>
          </reporter-output>
        </test-method> <!-- GoogleSearchcopy -->
        <test-method is-config="true" signature="tearDownTest()[pri:0, instance:TestPackage.GoogleSearchPageTest2@5a37d3ed]" started-at="2021-03-02T14:26:33Z" name="tearDownTest" finished-at="2021-03-02T14:26:38Z" duration-ms="5231" status="PASS">
          <reporter-output>
          </reporter-output>
        </test-method> <!-- tearDownTest -->
      </class> <!-- TestPackage.GoogleSearchPageTest2 -->
    </test> <!-- Default test -->
  </suite> <!-- Default suite -->
</testng-results>
